<?xml version="1.0" encoding="UTF-8"?>
<testsuites tests="8" name="IntelliJ IDEA HTTP Client">
  <testsuite tests="8" name="test" failures="0" errors="0" skip="0">
    <testcase classname="http.ListAllExistingScans" name="Response" time="1.545" />
    <testcase classname="http.ListAllExistingScans" name="Response Handler" time="0.0" />
    <testcase classname="http.createScanIntree" name="Response" time="0.035" />
    <testcase classname="http.createScanIntree" name="Response Handler" time="0.0" />
    <testcase classname="http.startScan" name="Response" time="0.024" />
    <testcase classname="http.startScan" name="Response Handler" time="0.0" />
    <testcase classname="http.results" name="Response" time="0.011" />
    <testcase classname="http.results" name="Response Handler" time="0.0" />
  </testsuite>
</testsuites>

